<?xml version="1.0" encoding="UTF-8"?>
<testsuite xmlns:xsi="http://www.w3.org/2001/XMLSchema-instance" xsi:noNamespaceSchemaLocation="https://maven.apache.org/surefire/maven-surefire-plugin/xsd/surefire-test-report.xsd" name="com.browserstack.run_parallel_test.ParallelTest" time="46.754" tests="4" errors="0" skipped="0" failures="0">
  <properties>
[...]
</properties>
  <testcase name="test{int}[3]" classname="com.browserstack.run_parallel_test.ParallelTest" time="39.49"/>
  <testcase name="test{int}[1]" classname="com.browserstack.run_parallel_test.ParallelTest" time="45.277"/>
  <testcase name="test{int}[2]" classname="com.browserstack.run_parallel_test.ParallelTest" time="45.781"/>
  <testcase name="test{int}[4]" classname="com.browserstack.run_parallel_test.ParallelTest" time="46.707"/>
</testsuite>